app/build/outputs/logs/manifest-merger-debug-report.txt
-- Merging decision tree log ---
manifest
ADDED from src\main\AndroidManifest.xml:1:1-88:12
	package
		ADDED from src\main\AndroidManifest.xml:2:5-32
		INJECTED from src\main\AndroidManifest.xml
		INJECTED from src\main\AndroidManifest.xml
	android:versionName
		ADDED from src\main\AndroidManifest.xml:5:5-32
		INJECTED from src\main\AndroidManifest.xml
		INJECTED from src\main\AndroidManifest.xml
	android:versionCode
		ADDED from src\main\AndroidManifest.xml:4:5-28
		INJECTED from src\main\AndroidManifest.xml
		INJECTED from src\main\AndroidManifest.xml
	xmlns:android
		ADDED from src\main\AndroidManifest.xml:1:11-69
	android:installLocation
		ADDED from src\main\AndroidManifest.xml:3:5-35
uses-sdk
ADDED from src\main\AndroidManifest.xml:7:5-9:41
	android:targetSdkVersion
		ADDED from src\main\AndroidManifest.xml:9:9-38
		INJECTED from src\main\AndroidManifest.xml
		INJECTED from src\main\AndroidManifest.xml
	android:minSdkVersion
		ADDED from src\main\AndroidManifest.xml:8:9-34
		INJECTED from src\main\AndroidManifest.xml
		INJECTED from src\main\AndroidManifest.xml
uses-permission#android.permission.CAMERA
ADDED from src\main\AndroidManifest.xml:11:5-65
	android:name
		ADDED from src\main\AndroidManifest.xml:11:22-62
uses-permission#android.permission.INTERNET
ADDED from src\main\AndroidManifest.xml:12:5-67
	android:name
		ADDED from src\main\AndroidManifest.xml:12:22-64
uses-permission#android.permission.WRITE_EXTERNAL_STORAGE
ADDED from src\main\AndroidManifest.xml:13:5-81
	android:name
		ADDED from src\main\AndroidManifest.xml:13:22-78
uses-permission#android.permission.MOUNT_UNMOUNT_FILESYSTEMS
ADDED from src\main\AndroidManifest.xml:14:5-84
	android:name
		ADDED from src\main\AndroidManifest.xml:14:22-81
uses-permission#android.permission.CHANGE_WIFI_STATE
ADDED from src\main\AndroidManifest.xml:15:5-76
	android:name
		ADDED from src\main\AndroidManifest.xml:15:22-73
uses-permission#android.permission.ACCESS_WIFI_STATE
ADDED from src\main\AndroidManifest.xml:16:5-76
	android:name
		ADDED from src\main\AndroidManifest.xml:16:22-73
uses-permission#android.permission.ACCESS_NETWORK_STATE
ADDED from src\main\AndroidManifest.xml:17:5-79
	android:name
		ADDED from src\main\AndroidManifest.xml:17:22-76
uses-permission#android.permission.ACCESS_FINE_LOCATION
ADDED from src\main\AndroidManifest.xml:18:5-79
	android:name
		ADDED from src\main\AndroidManifest.xml:18:22-76
uses-permission#android.permission.READ_LOGS
ADDED from src\main\AndroidManifest.xml:19:5-68
	android:name
		ADDED from src\main\AndroidManifest.xml:19:22-65
uses-permission#android.permission.DOWNLOAD_WITHOUT_NOTIFICATION
ADDED from src\main\AndroidManifest.xml:23:5-88
	android:name
		ADDED from src\main\AndroidManifest.xml:23:22-85
uses-permission#android.permission.READ_PHONE_STATE
ADDED from src\main\AndroidManifest.xml:25:5-74
	android:name
		ADDED from src\main\AndroidManifest.xml:25:22-72
uses-permission#android.permission.GET_TASKS
ADDED from src\main\AndroidManifest.xml:27:5-67
	android:name
		ADDED from src\main\AndroidManifest.xml:27:22-65
supports-screens
ADDED from src\main\AndroidManifest.xml:28:5-33:40
	android:largeScreens
		ADDED from src\main\AndroidManifest.xml:30:9-36
	android:smallScreens
		ADDED from src\main\AndroidManifest.xml:32:9-36
	android:normalScreens
		ADDED from src\main\AndroidManifest.xml:31:9-37
	android:xlargeScreens
		ADDED from src\main\AndroidManifest.xml:33:9-37
	android:anyDensity
		ADDED from src\main\AndroidManifest.xml:29:9-34
application
ADDED from src\main\AndroidManifest.xml:35:5-86:19
	android:label
		ADDED from src\main\AndroidManifest.xml:39:9-41
	android:allowBackup
		ADDED from src\main\AndroidManifest.xml:37:9-35
	android:icon
		ADDED from src\main\AndroidManifest.xml:38:9-45
	android:theme
		ADDED from src\main\AndroidManifest.xml:40:9-40
	android:name
		ADDED from src\main\AndroidManifest.xml:36:9-57
activity#com.itau.jingdong.ui.SplashActivity
ADDED from src\main\AndroidManifest.xml:41:9-51:20
	android:label
		ADDED from src\main\AndroidManifest.xml:43:13-45
	android:launchMode
		ADDED from src\main\AndroidManifest.xml:44:13-44
	android:theme
		ADDED from src\main\AndroidManifest.xml:45:13-47
	android:name
		ADDED from src\main\AndroidManifest.xml:42:13-46
intent-filter#android.intent.action.MAIN+android.intent.category.LAUNCHER
ADDED from src\main\AndroidManifest.xml:46:13-50:29
action#android.intent.action.MAIN
ADDED from src\main\AndroidManifest.xml:47:17-69
	android:name
		ADDED from src\main\AndroidManifest.xml:47:25-66
category#android.intent.category.LAUNCHER
ADDED from src\main\AndroidManifest.xml:49:17-77
	android:name
		ADDED from src\main\AndroidManifest.xml:49:27-74
activity#com.itau.jingdong.ui.HomeActivity
ADDED from src\main\AndroidManifest.xml:52:9-55:47
	android:launchMode
		ADDED from src\main\AndroidManifest.xml:54:13-43
	android:theme
		ADDED from src\main\AndroidManifest.xml:55:13-44
	android:name
		ADDED from src\main\AndroidManifest.xml:53:13-44
activity#com.itau.jingdong.ui.MainActivity
ADDED from src\main\AndroidManifest.xml:56:9-59:47
	android:launchMode
		ADDED from src\main\AndroidManifest.xml:58:13-43
	android:theme
		ADDED from src\main\AndroidManifest.xml:59:13-44
	android:name
		ADDED from src\main\AndroidManifest.xml:57:13-44
activity#com.itau.jingdong.ui.IndexActivity
ADDED from src\main\AndroidManifest.xml:60:9-63:47
	android:launchMode
		ADDED from src\main\AndroidManifest.xml:62:13-43
	android:theme
		ADDED from src\main\AndroidManifest.xml:63:13-44
	android:name
		ADDED from src\main\AndroidManifest.xml:61:13-45
activity#com.itau.jingdong.ui.CategoryActivity
ADDED from src\main\AndroidManifest.xml:64:9-67:47
	android:launchMode
		ADDED from src\main\AndroidManifest.xml:66:13-43
	android:theme
		ADDED from src\main\AndroidManifest.xml:67:13-44
	android:name
		ADDED from src\main\AndroidManifest.xml:65:13-48
activity#com.itau.jingdong.ui.CartActivity
ADDED from src\main\AndroidManifest.xml:68:9-71:47
	android:launchMode
		ADDED from src\main\AndroidManifest.xml:70:13-43
	android:theme
		ADDED from src\main\AndroidManifest.xml:71:13-44
	android:name
		ADDED from src\main\AndroidManifest.xml:69:13-44
activity#com.itau.jingdong.ui.PersonalActivity
ADDED from src\main\AndroidManifest.xml:72:9-75:47
	android:launchMode
		ADDED from src\main\AndroidManifest.xml:74:13-43
	android:theme
		ADDED from src\main\AndroidManifest.xml:75:13-44
	android:name
		ADDED from src\main\AndroidManifest.xml:73:13-48
activity#com.itau.jingdong.ui.SearchActivity
ADDED from src\main\AndroidManifest.xml:76:9-80:55
	android:launchMode
		ADDED from src\main\AndroidManifest.xml:78:13-43
	android:windowSoftInputMode
		ADDED from src\main\AndroidManifest.xml:80:13-52
	android:theme
		ADDED from src\main\AndroidManifest.xml:79:13-49
	android:name
		ADDED from src\main\AndroidManifest.xml:77:13-46
service#com.zdp.aseo.content.AseoZdpUpdateService
ADDED from src\main\AndroidManifest.xml:81:17-85
	android:name
		ADDED from src\main\AndroidManifest.xml:81:26-82
activity#com.iflytek.voiceads.request.IFLYBrowser
ADDED from src\main\AndroidManifest.xml:82:3-84:52
	android:screenOrientation
		ADDED from src\main\AndroidManifest.xml:84:13-49
	android:name
		ADDED from src\main\AndroidManifest.xml:83:13-68
meta-data#IFLYTEK_APPKEY_AD
ADDED from src\main\AndroidManifest.xml:85:9-80
	android:value
		ADDED from src\main\AndroidManifest.xml:85:54-78
	android:name
		ADDED from src\main\AndroidManifest.xml:85:21-53